<?xml version="1.0" encoding="UTF-8"?>
<!-- Generated by org.testng.reporters.JUnitReportReporter -->
<testsuite skipped="0" hostname="A" name="com.Git.Base.Check_Capability" tests="1" failures="0" timestamp="2020-04-16T19:33:59 IST" time="18.194" errors="0">
  <testcase name="test" time="18.194" classname="com.Git.Base.Check_Capability"/>
  <system-out/>
</testsuite> <!-- com.Git.Base.Check_Capability -->
