<?xml version="1.0" encoding="UTF-8"?>
<!-- Generated by org.testng.reporters.JUnitReportReporter -->
<testsuite skipped="0" hostname="A" name="com.Git.test.SignupPageTest" tests="2" failures="0" timestamp="2020-04-15T23:50:26 IST" time="130.014" errors="0">
  <testcase name="validate_Title" time="92.473" classname="com.Git.test.SignupPageTest"/>
  <system-out/>
  <testcase name="validate_lOGO" time="37.541" classname="com.Git.test.SignupPageTest"/>
  <system-out/>
</testsuite> <!-- com.Git.test.SignupPageTest -->
